<?xml version="1.0" encoding="UTF-8"?>
<!-- Generated by org.testng.reporters.JUnitReportReporter -->
<testsuite skipped="0" hostname="jbhjk-PC" name="PracticeTestNg.FirstTest" tests="6" failures="0" timestamp="09 Jan 2019 11:55:38 GMT" time="0.022" errors="0">
  <testcase name="createTest" time="0.001" classname="PracticeTestNg.FirstTest"/>
  <testcase name="createTest" time="0.003" classname="PracticeTestNg.FirstTest"/>
  <testcase name="createTest" time="0.015" classname="PracticeTestNg.FirstTest"/>
  <testcase name="createTest" time="0.001" classname="PracticeTestNg.FirstTest"/>
  <testcase name="editRest" time="0.001" classname="PracticeTestNg.FirstTest"/>
  <testcase name="DeleteTest" time="0.001" classname="PracticeTestNg.FirstTest"/>
</testsuite> <!-- PracticeTestNg.FirstTest -->
