<?xml version="1.0" encoding="UTF-8"?>
<!-- Generated by org.testng.reporters.JUnitReportReporter -->
<testsuite skipped="0" hostname="DIKHIT-PC" name="TestNGTest.NewTest" tests="2" failures="0" timestamp="03 Jan 2019 01:44:36 GMT" time="0.015" errors="0">
  <testcase name="f" time="0.015" classname="TestNGTest.NewTest"/>
  <testcase name="f2" time="0.000" classname="TestNGTest.NewTest"/>
</testsuite> <!-- TestNGTest.NewTest -->
